
ROM used: 6066 (19%)
          6070 (19%) including unused fragments

          1 Average locations per line
          4 Average locations per statement

RAM used: 1163 (57%) at main() level
          1184 (58%) worst case

Stack used: 8 worst case (out of 24 total available)

Lines Stmts  %   Files
----- ----- ---  -----
  431   351  23  mousesauro.c
   35     0   0  C:\PROGRA~2\PICC\devices\mouse.h
  371     0   0  C:\PROGRA~2\PICC\devices\18F2550.h
   75     0   0  C:\PROGRA~2\PICC\drivers\usb_bootloader.h
  526   114   7  C:\PROGRA~2\PICC\drivers\usb_cdc.h
 1304   321  21  C:\PROGRA~2\PICC\drivers\pic18_usb.h
  828     0   0  C:\PROGRA~2\PICC\devices\usb.h
  239     0   0  C:\PROGRA~2\PICC\drivers\usb_desc_cdc.h
  912   229  15  C:\PROGRA~2\PICC\drivers\usb.c
   28     0   0  C:\PROGRA~2\PICC\drivers\ctype.h
 1360   380  25  C:\PROGRA~2\PICC\drivers\stdlib.h
   28     0   0  C:\PROGRA~2\PICC\drivers\stddef.h
  417   126   8  C:\PROGRA~2\PICC\drivers\string.h
----- -----
 6554  1521 Total

Page ROM  %  RAM   Vol Diff  Functions:
---- --- --- ---   --- ----  ----------
0     40   0   1             @delay_ms1
0     32   0   0             @const150
0     32   0   0             @const152
0     48   0   0             @const154
0     48   0   0             @const156
0    222   2   7  1224  5.9  usb_flush_in
0    168   1  14   584  7.5  usb_put_packet
0    230   2   7   940  5.4  usb_flush_out
0     40   0   1    52  2.1  usb_rx_packet_size
0     68   1   4   235  4.5  usb_stall_ep
0     66   1   4   242  4.6  usb_unstall_ep
0     84   1   3   343  5.8  usb_endpoint_stalled
0     22   0   1    88  2.7  usb_set_address
0    402   3  10  1575  8.9  usb_set_configured
0    106   1   0   448  3.7  usb_isr
0      6   0   0    25  1.2  usb_isr_sof
0     44   0   3   142  3.9  usb_disable_endpoints
0     42   0   0   318  4.6  usb_isr_rst
0     30   0   0   343  3.1  usb_init_ep0_setup
0      8   0   0    47  1.5  usb_isr_uerr
0     10   0   0    54  1.5  usb_isr_uidle
0     10   0   0    54  1.5  usb_isr_activity
0     14   0   0   147  3.4  usb_isr_stall
0    202   2   2  1217  7.3  usb_isr_tok_dne
0      6   0   1    25  1.6  usb_request_send_response
0      6   0   0    22  1.2  usb_request_get_data
0      6   0   0    25  0.8  usb_request_stall
0     84   1   0             @const277
0     18   0   0             @const279
0     34   0   0             @const285
0     58   0   0             @const288
0     42   0   3   239  4.0  usb_token_reset
0     78   1   4   201  4.9  usb_endpoint_is_valid
0     34   0   1   204  3.1  usb_isr_tok_in_dne
0     50   0   1   152  3.0  usb_isr_tok_out_dne
0     42   0   0   310  5.4  usb_isr_tok_setup_dne
0    162   1   0  1131  8.2  usb_isr_tkn_setup_StandardDevice
0    150   1   3   691  7.7  usb_isr_tkn_setup_StandardInterface
0     96   1   0   519  5.2  usb_isr_tkn_setup_StandardEndpoint
0    118   1   1   618  7.2  usb_Get_Descriptor
0     14   0   0    76  1.8  usb_finish_set_address
0    132   1   5   554  8.5  usb_copy_desc_seg_to_ep
0     92   1   0   364  5.6  usb_isr_tok_out_cdc_control_dne
0    162   1   0   840  7.7  usb_isr_tkn_cdc
0     18   0   0   112  2.2  usb_isr_tok_out_cdc_data_dne
0     14   0   0    59  2.1  usb_isr_tok_in_cdc_data_dne
0     34   0   0   106  2.5  usb_cdc_flush_out_buffer
0     38   0   0   280  2.3  usb_cdc_init
0   2450  20   0 25812  5.5  MAIN

Program metrics:
    Functions               40
    Statements              1521
    Comments                3098
    Volume (V)              57935
    Difficilty (D)          179.4
    Effort to implement (E) 10395127
    Time to implement (T)   160 hours, 25 minutes
    Est Delivered Bugs (B)  16
    Cyclomatic Complexity   110
    Maintainability (MI)    117

 Segment     Used  Free
-----------  ----  ----
00000-017FE     0  6144  
01800-01806     4  4  
01808-0189C   150  0  
0189E-07FFE  5912  20554  



